2020-04-11T04:37:39+00:00 CRITICAL syntax error, unexpected end of file in C:\xampp\htdocs\2020\04\varvararoza.webflow\varvararoza-cn\themes\varvara\single-artists.php on line 49

2020-04-11T04:37:40+00:00 CRITICAL syntax error, unexpected end of file in C:\xampp\htdocs\2020\04\varvararoza.webflow\varvararoza-cn\themes\varvara\single-artists.php on line 49

2020-04-11T06:23:25+00:00 CRITICAL syntax error, unexpected '<' in C:\xampp\htdocs\2020\04\varvararoza.webflow\varvararoza-cn\themes\varvara\inc\wc-functions.php on line 111

2020-04-11T15:22:28+00:00 CRITICAL Cannot redeclare products_script_load_more() (previously declared in C:\xampp\htdocs\2020\04\varvararoza.webflow\varvararoza-cn\themes\varvara\inc\product-loadmore.php:6) in C:\xampp\htdocs\2020\04\varvararoza.webflow\varvararoza-cn\themes\varvara\inc\art-advisory-loadmore.php on line 20

2020-04-11T15:24:29+00:00 CRITICAL Cannot redeclare products_script_load_more() (previously declared in C:\xampp\htdocs\2020\04\varvararoza.webflow\varvararoza-cn\themes\varvara\inc\product-loadmore.php:6) in C:\xampp\htdocs\2020\04\varvararoza.webflow\varvararoza-cn\themes\varvara\inc\art-advisory-loadmore.php on line 20

2020-04-11T15:26:29+00:00 CRITICAL Cannot redeclare products_script_load_more() (previously declared in C:\xampp\htdocs\2020\04\varvararoza.webflow\varvararoza-cn\themes\varvara\inc\product-loadmore.php:6) in C:\xampp\htdocs\2020\04\varvararoza.webflow\varvararoza-cn\themes\varvara\inc\art-advisory-loadmore.php on line 20

2020-04-11T15:28:23+00:00 CRITICAL Cannot redeclare products_script_load_more() (previously declared in C:\xampp\htdocs\2020\04\varvararoza.webflow\varvararoza-cn\themes\varvara\inc\product-loadmore.php:6) in C:\xampp\htdocs\2020\04\varvararoza.webflow\varvararoza-cn\themes\varvara\inc\art-advisory-loadmore.php on line 20

2020-04-11T15:28:30+00:00 CRITICAL Cannot redeclare products_script_load_more() (previously declared in C:\xampp\htdocs\2020\04\varvararoza.webflow\varvararoza-cn\themes\varvara\inc\product-loadmore.php:6) in C:\xampp\htdocs\2020\04\varvararoza.webflow\varvararoza-cn\themes\varvara\inc\art-advisory-loadmore.php on line 20

2020-04-11T15:28:38+00:00 CRITICAL Cannot redeclare products_script_load_more() (previously declared in C:\xampp\htdocs\2020\04\varvararoza.webflow\varvararoza-cn\themes\varvara\inc\product-loadmore.php:6) in C:\xampp\htdocs\2020\04\varvararoza.webflow\varvararoza-cn\themes\varvara\inc\art-advisory-loadmore.php on line 20

2020-04-11T15:48:33+00:00 CRITICAL Cannot redeclare products_script_load_more() (previously declared in C:\xampp\htdocs\2020\04\varvararoza.webflow\varvararoza-cn\themes\varvara\inc\product-loadmore.php:6) in C:\xampp\htdocs\2020\04\varvararoza.webflow\varvararoza-cn\themes\varvara\inc\art-advisory-loadmore.php on line 20

2020-04-11T15:50:33+00:00 CRITICAL Cannot redeclare products_script_load_more() (previously declared in C:\xampp\htdocs\2020\04\varvararoza.webflow\varvararoza-cn\themes\varvara\inc\product-loadmore.php:6) in C:\xampp\htdocs\2020\04\varvararoza.webflow\varvararoza-cn\themes\varvara\inc\art-advisory-loadmore.php on line 20

2020-04-11T15:50:35+00:00 CRITICAL Cannot redeclare products_script_load_more() (previously declared in C:\xampp\htdocs\2020\04\varvararoza.webflow\varvararoza-cn\themes\varvara\inc\product-loadmore.php:6) in C:\xampp\htdocs\2020\04\varvararoza.webflow\varvararoza-cn\themes\varvara\inc\art-advisory-loadmore.php on line 20

2020-04-11T15:50:40+00:00 CRITICAL Cannot redeclare products_script_load_more() (previously declared in C:\xampp\htdocs\2020\04\varvararoza.webflow\varvararoza-cn\themes\varvara\inc\product-loadmore.php:6) in C:\xampp\htdocs\2020\04\varvararoza.webflow\varvararoza-cn\themes\varvara\inc\art-advisory-loadmore.php on line 20

2020-04-11T16:15:14+00:00 CRITICAL Uncaught Error: Call to a member function get_id() on null in C:\xampp\htdocs\2020\04\varvararoza.webflow\varvararoza-cn\themes\varvara\inc\art-advisory-loadmore.php:57
Stack trace:
#0 C:\xampp\htdocs\2020\04\varvararoza.webflow\varvararoza-cn\themes\varvara\inc\art-advisory-loadmore.php(12): ajax_art_script_load_more('', 'asc')
#1 C:\xampp\htdocs\2020\04\varvararoza.webflow\wp-includes\shortcodes.php(325): art_script_load_more('', '', 'ajax_art')
#2 [internal function]: do_shortcode_tag(Array)
#3 C:\xampp\htdocs\2020\04\varvararoza.webflow\wp-includes\shortcodes.php(199): preg_replace_callback('/\\[(\\[?)(ajax_a...', 'do_shortcode_ta...', '[ajax_art]')
#4 C:\xampp\htdocs\2020\04\varvararoza.webflow\varvararoza-cn\themes\varvara\archive-art_advisory.php(40): do_shortcode('[ajax_art]')
#5 C:\xampp\htdocs\2020\04\varvararoza.webflow\wp-includes\template-loader.php(98): include('C:\\xampp\\htdocs...')
#6 C:\xampp\htdocs\2020\04\varvararoza.webflow\wp-blog-header.php(19): require_once('C:\\xampp\\htdocs...')
#7 C in C:\xampp\htdocs\2020\04\varvararoza.webflow\varvararoza-cn\themes\varvara\inc\art-advisory-loadmore.php on line 57

2020-04-11T17:20:40+00:00 CRITICAL syntax error, unexpected 'endif' (T_ENDIF) in C:\xampp\htdocs\2020\04\varvararoza.webflow\varvararoza-cn\themes\varvara\woocommerce\archive-product.php on line 65

<<<<<<< HEAD
2020-04-11T20:14:59+00:00 CRITICAL Uncaught Error: Call to a member function have_posts() on null in F:\xampp\htdocs\2020\varvararoza-wp\varvararoza-cn\themes\varvara\artists-list-single.php:57
Stack trace:
#0 F:\xampp\htdocs\2020\varvararoza-wp\wp-includes\template-loader.php(98): include()
#1 F:\xampp\htdocs\2020\varvararoza-wp\wp-blog-header.php(19): require_once('F:\\xampp\\htdocs...')
#2 F:\xampp\htdocs\2020\varvararoza-wp\index.php(17): require('F:\\xampp\\htdocs...')
#3 {main}
  thrown in F:\xampp\htdocs\2020\varvararoza-wp\varvararoza-cn\themes\varvara\artists-list-single.php on line 57
=======
2020-04-11T19:11:47+00:00 CRITICAL syntax error, unexpected 'AND' (T_LOGICAL_AND) in C:\xampp\htdocs\2020\04\varvararoza.webflow\varvararoza-cn\themes\varvara\inc\product-loadmore.php on line 63

2020-04-11T19:11:47+00:00 CRITICAL syntax error, unexpected 'AND' (T_LOGICAL_AND) in C:\xampp\htdocs\2020\04\varvararoza.webflow\varvararoza-cn\themes\varvara\inc\product-loadmore.php on line 63

2020-04-11T19:12:31+00:00 CRITICAL syntax error, unexpected ',' in C:\xampp\htdocs\2020\04\varvararoza.webflow\varvararoza-cn\themes\varvara\inc\product-loadmore.php on line 99

2020-04-11T19:25:31+00:00 CRITICAL Uncaught ArgumentCountError: Too few arguments to function ajax_products_script_load_more(), 1 passed in C:\xampp\htdocs\2020\04\varvararoza.webflow\wp-includes\class-wp-hook.php on line 288 and at least 5 expected in C:\xampp\htdocs\2020\04\varvararoza.webflow\varvararoza-cn\themes\varvara\inc\product-loadmore.php:32
Stack trace:
#0 C:\xampp\htdocs\2020\04\varvararoza.webflow\wp-includes\class-wp-hook.php(288): ajax_products_script_load_more('')
#1 C:\xampp\htdocs\2020\04\varvararoza.webflow\wp-includes\class-wp-hook.php(312): WP_Hook->apply_filters('', Array)
#2 C:\xampp\htdocs\2020\04\varvararoza.webflow\wp-includes\plugin.php(478): WP_Hook->do_action(Array)
#3 C:\xampp\htdocs\2020\04\varvararoza.webflow\wp-admin\admin-ajax.php(175): do_action('wp_ajax_ajax_pr...')
#4 {main}
  thrown in C:\xampp\htdocs\2020\04\varvararoza.webflow\varvararoza-cn\themes\varvara\inc\product-loadmore.php on line 32

2020-04-11T19:25:40+00:00 CRITICAL Uncaught ArgumentCountError: Too few arguments to function ajax_products_script_load_more(), 1 passed in C:\xampp\htdocs\2020\04\varvararoza.webflow\wp-includes\class-wp-hook.php on line 288 and at least 5 expected in C:\xampp\htdocs\2020\04\varvararoza.webflow\varvararoza-cn\themes\varvara\inc\product-loadmore.php:32
Stack trace:
#0 C:\xampp\htdocs\2020\04\varvararoza.webflow\wp-includes\class-wp-hook.php(288): ajax_products_script_load_more('')
#1 C:\xampp\htdocs\2020\04\varvararoza.webflow\wp-includes\class-wp-hook.php(312): WP_Hook->apply_filters('', Array)
#2 C:\xampp\htdocs\2020\04\varvararoza.webflow\wp-includes\plugin.php(478): WP_Hook->do_action(Array)
#3 C:\xampp\htdocs\2020\04\varvararoza.webflow\wp-admin\admin-ajax.php(175): do_action('wp_ajax_ajax_pr...')
#4 {main}
  thrown in C:\xampp\htdocs\2020\04\varvararoza.webflow\varvararoza-cn\themes\varvara\inc\product-loadmore.php on line 32

2020-04-11T19:41:16+00:00 CRITICAL Uncaught ArgumentCountError: Too few arguments to function ajax_products_script_load_more(), 1 passed in C:\xampp\htdocs\2020\04\varvararoza.webflow\wp-includes\class-wp-hook.php on line 288 and at least 5 expected in C:\xampp\htdocs\2020\04\varvararoza.webflow\varvararoza-cn\themes\varvara\inc\product-loadmore.php:32
Stack trace:
#0 C:\xampp\htdocs\2020\04\varvararoza.webflow\wp-includes\class-wp-hook.php(288): ajax_products_script_load_more('')
#1 C:\xampp\htdocs\2020\04\varvararoza.webflow\wp-includes\class-wp-hook.php(312): WP_Hook->apply_filters('', Array)
#2 C:\xampp\htdocs\2020\04\varvararoza.webflow\wp-includes\plugin.php(478): WP_Hook->do_action(Array)
#3 C:\xampp\htdocs\2020\04\varvararoza.webflow\wp-admin\admin-ajax.php(175): do_action('wp_ajax_ajax_pr...')
#4 {main}
  thrown in C:\xampp\htdocs\2020\04\varvararoza.webflow\varvararoza-cn\themes\varvara\inc\product-loadmore.php on line 32

2020-04-11T19:42:29+00:00 CRITICAL Uncaught ArgumentCountError: Too few arguments to function ajax_products_script_load_more(), 1 passed in C:\xampp\htdocs\2020\04\varvararoza.webflow\wp-includes\class-wp-hook.php on line 288 and at least 5 expected in C:\xampp\htdocs\2020\04\varvararoza.webflow\varvararoza-cn\themes\varvara\inc\product-loadmore.php:32
Stack trace:
#0 C:\xampp\htdocs\2020\04\varvararoza.webflow\wp-includes\class-wp-hook.php(288): ajax_products_script_load_more('')
#1 C:\xampp\htdocs\2020\04\varvararoza.webflow\wp-includes\class-wp-hook.php(312): WP_Hook->apply_filters('', Array)
#2 C:\xampp\htdocs\2020\04\varvararoza.webflow\wp-includes\plugin.php(478): WP_Hook->do_action(Array)
#3 C:\xampp\htdocs\2020\04\varvararoza.webflow\wp-admin\admin-ajax.php(175): do_action('wp_ajax_ajax_pr...')
#4 {main}
  thrown in C:\xampp\htdocs\2020\04\varvararoza.webflow\varvararoza-cn\themes\varvara\inc\product-loadmore.php on line 32

2020-04-11T19:48:09+00:00 CRITICAL Uncaught ArgumentCountError: Too few arguments to function ajax_products_script_load_more(), 1 passed in C:\xampp\htdocs\2020\04\varvararoza.webflow\wp-includes\class-wp-hook.php on line 288 and at least 5 expected in C:\xampp\htdocs\2020\04\varvararoza.webflow\varvararoza-cn\themes\varvara\inc\product-loadmore.php:32
Stack trace:
#0 C:\xampp\htdocs\2020\04\varvararoza.webflow\wp-includes\class-wp-hook.php(288): ajax_products_script_load_more('')
#1 C:\xampp\htdocs\2020\04\varvararoza.webflow\wp-includes\class-wp-hook.php(312): WP_Hook->apply_filters('', Array)
#2 C:\xampp\htdocs\2020\04\varvararoza.webflow\wp-includes\plugin.php(478): WP_Hook->do_action(Array)
#3 C:\xampp\htdocs\2020\04\varvararoza.webflow\wp-admin\admin-ajax.php(175): do_action('wp_ajax_ajax_pr...')
#4 {main}
  thrown in C:\xampp\htdocs\2020\04\varvararoza.webflow\varvararoza-cn\themes\varvara\inc\product-loadmore.php on line 32

2020-04-11T19:49:52+00:00 CRITICAL Uncaught ArgumentCountError: Too few arguments to function ajax_products_script_load_more(), 1 passed in C:\xampp\htdocs\2020\04\varvararoza.webflow\wp-includes\class-wp-hook.php on line 288 and at least 5 expected in C:\xampp\htdocs\2020\04\varvararoza.webflow\varvararoza-cn\themes\varvara\inc\product-loadmore.php:32
Stack trace:
#0 C:\xampp\htdocs\2020\04\varvararoza.webflow\wp-includes\class-wp-hook.php(288): ajax_products_script_load_more('')
#1 C:\xampp\htdocs\2020\04\varvararoza.webflow\wp-includes\class-wp-hook.php(312): WP_Hook->apply_filters('', Array)
#2 C:\xampp\htdocs\2020\04\varvararoza.webflow\wp-includes\plugin.php(478): WP_Hook->do_action(Array)
#3 C:\xampp\htdocs\2020\04\varvararoza.webflow\wp-admin\admin-ajax.php(175): do_action('wp_ajax_ajax_pr...')
#4 {main}
  thrown in C:\xampp\htdocs\2020\04\varvararoza.webflow\varvararoza-cn\themes\varvara\inc\product-loadmore.php on line 32

2020-04-11T19:50:22+00:00 CRITICAL Uncaught ArgumentCountError: Too few arguments to function ajax_products_script_load_more(), 1 passed in C:\xampp\htdocs\2020\04\varvararoza.webflow\wp-includes\class-wp-hook.php on line 288 and at least 5 expected in C:\xampp\htdocs\2020\04\varvararoza.webflow\varvararoza-cn\themes\varvara\inc\product-loadmore.php:32
Stack trace:
#0 C:\xampp\htdocs\2020\04\varvararoza.webflow\wp-includes\class-wp-hook.php(288): ajax_products_script_load_more('')
#1 C:\xampp\htdocs\2020\04\varvararoza.webflow\wp-includes\class-wp-hook.php(312): WP_Hook->apply_filters('', Array)
#2 C:\xampp\htdocs\2020\04\varvararoza.webflow\wp-includes\plugin.php(478): WP_Hook->do_action(Array)
#3 C:\xampp\htdocs\2020\04\varvararoza.webflow\wp-admin\admin-ajax.php(175): do_action('wp_ajax_ajax_pr...')
#4 {main}
  thrown in C:\xampp\htdocs\2020\04\varvararoza.webflow\varvararoza-cn\themes\varvara\inc\product-loadmore.php on line 32

2020-04-11T19:51:23+00:00 CRITICAL Uncaught ArgumentCountError: Too few arguments to function ajax_products_script_load_more(), 1 passed in C:\xampp\htdocs\2020\04\varvararoza.webflow\wp-includes\class-wp-hook.php on line 288 and at least 5 expected in C:\xampp\htdocs\2020\04\varvararoza.webflow\varvararoza-cn\themes\varvara\inc\product-loadmore.php:32
Stack trace:
#0 C:\xampp\htdocs\2020\04\varvararoza.webflow\wp-includes\class-wp-hook.php(288): ajax_products_script_load_more('')
#1 C:\xampp\htdocs\2020\04\varvararoza.webflow\wp-includes\class-wp-hook.php(312): WP_Hook->apply_filters('', Array)
#2 C:\xampp\htdocs\2020\04\varvararoza.webflow\wp-includes\plugin.php(478): WP_Hook->do_action(Array)
#3 C:\xampp\htdocs\2020\04\varvararoza.webflow\wp-admin\admin-ajax.php(175): do_action('wp_ajax_ajax_pr...')
#4 {main}
  thrown in C:\xampp\htdocs\2020\04\varvararoza.webflow\varvararoza-cn\themes\varvara\inc\product-loadmore.php on line 32

2020-04-11T19:52:27+00:00 CRITICAL Uncaught ArgumentCountError: Too few arguments to function ajax_products_script_load_more(), 1 passed in C:\xampp\htdocs\2020\04\varvararoza.webflow\wp-includes\class-wp-hook.php on line 288 and at least 5 expected in C:\xampp\htdocs\2020\04\varvararoza.webflow\varvararoza-cn\themes\varvara\inc\product-loadmore.php:32
Stack trace:
#0 C:\xampp\htdocs\2020\04\varvararoza.webflow\wp-includes\class-wp-hook.php(288): ajax_products_script_load_more('')
#1 C:\xampp\htdocs\2020\04\varvararoza.webflow\wp-includes\class-wp-hook.php(312): WP_Hook->apply_filters('', Array)
#2 C:\xampp\htdocs\2020\04\varvararoza.webflow\wp-includes\plugin.php(478): WP_Hook->do_action(Array)
#3 C:\xampp\htdocs\2020\04\varvararoza.webflow\wp-admin\admin-ajax.php(175): do_action('wp_ajax_ajax_pr...')
#4 {main}
  thrown in C:\xampp\htdocs\2020\04\varvararoza.webflow\varvararoza-cn\themes\varvara\inc\product-loadmore.php on line 32

2020-04-11T19:52:41+00:00 CRITICAL Uncaught ArgumentCountError: Too few arguments to function ajax_products_script_load_more(), 1 passed in C:\xampp\htdocs\2020\04\varvararoza.webflow\wp-includes\class-wp-hook.php on line 288 and at least 5 expected in C:\xampp\htdocs\2020\04\varvararoza.webflow\varvararoza-cn\themes\varvara\inc\product-loadmore.php:32
Stack trace:
#0 C:\xampp\htdocs\2020\04\varvararoza.webflow\wp-includes\class-wp-hook.php(288): ajax_products_script_load_more('')
#1 C:\xampp\htdocs\2020\04\varvararoza.webflow\wp-includes\class-wp-hook.php(312): WP_Hook->apply_filters('', Array)
#2 C:\xampp\htdocs\2020\04\varvararoza.webflow\wp-includes\plugin.php(478): WP_Hook->do_action(Array)
#3 C:\xampp\htdocs\2020\04\varvararoza.webflow\wp-admin\admin-ajax.php(175): do_action('wp_ajax_ajax_pr...')
#4 {main}
  thrown in C:\xampp\htdocs\2020\04\varvararoza.webflow\varvararoza-cn\themes\varvara\inc\product-loadmore.php on line 32

2020-04-11T19:53:18+00:00 CRITICAL Uncaught ArgumentCountError: Too few arguments to function ajax_products_script_load_more(), 1 passed in C:\xampp\htdocs\2020\04\varvararoza.webflow\wp-includes\class-wp-hook.php on line 288 and at least 5 expected in C:\xampp\htdocs\2020\04\varvararoza.webflow\varvararoza-cn\themes\varvara\inc\product-loadmore.php:32
Stack trace:
#0 C:\xampp\htdocs\2020\04\varvararoza.webflow\wp-includes\class-wp-hook.php(288): ajax_products_script_load_more('')
#1 C:\xampp\htdocs\2020\04\varvararoza.webflow\wp-includes\class-wp-hook.php(312): WP_Hook->apply_filters('', Array)
#2 C:\xampp\htdocs\2020\04\varvararoza.webflow\wp-includes\plugin.php(478): WP_Hook->do_action(Array)
#3 C:\xampp\htdocs\2020\04\varvararoza.webflow\wp-admin\admin-ajax.php(175): do_action('wp_ajax_ajax_pr...')
#4 {main}
  thrown in C:\xampp\htdocs\2020\04\varvararoza.webflow\varvararoza-cn\themes\varvara\inc\product-loadmore.php on line 32

2020-04-11T19:54:51+00:00 CRITICAL Uncaught ArgumentCountError: Too few arguments to function ajax_products_script_load_more(), 1 passed in C:\xampp\htdocs\2020\04\varvararoza.webflow\wp-includes\class-wp-hook.php on line 288 and at least 5 expected in C:\xampp\htdocs\2020\04\varvararoza.webflow\varvararoza-cn\themes\varvara\inc\product-loadmore.php:32
Stack trace:
#0 C:\xampp\htdocs\2020\04\varvararoza.webflow\wp-includes\class-wp-hook.php(288): ajax_products_script_load_more('')
#1 C:\xampp\htdocs\2020\04\varvararoza.webflow\wp-includes\class-wp-hook.php(312): WP_Hook->apply_filters('', Array)
#2 C:\xampp\htdocs\2020\04\varvararoza.webflow\wp-includes\plugin.php(478): WP_Hook->do_action(Array)
#3 C:\xampp\htdocs\2020\04\varvararoza.webflow\wp-admin\admin-ajax.php(175): do_action('wp_ajax_ajax_pr...')
#4 {main}
  thrown in C:\xampp\htdocs\2020\04\varvararoza.webflow\varvararoza-cn\themes\varvara\inc\product-loadmore.php on line 32

2020-04-11T19:57:04+00:00 CRITICAL Uncaught ArgumentCountError: Too few arguments to function ajax_products_script_load_more(), 1 passed in C:\xampp\htdocs\2020\04\varvararoza.webflow\wp-includes\class-wp-hook.php on line 288 and at least 5 expected in C:\xampp\htdocs\2020\04\varvararoza.webflow\varvararoza-cn\themes\varvara\inc\product-loadmore.php:32
Stack trace:
#0 C:\xampp\htdocs\2020\04\varvararoza.webflow\wp-includes\class-wp-hook.php(288): ajax_products_script_load_more('')
#1 C:\xampp\htdocs\2020\04\varvararoza.webflow\wp-includes\class-wp-hook.php(312): WP_Hook->apply_filters('', Array)
#2 C:\xampp\htdocs\2020\04\varvararoza.webflow\wp-includes\plugin.php(478): WP_Hook->do_action(Array)
#3 C:\xampp\htdocs\2020\04\varvararoza.webflow\wp-admin\admin-ajax.php(175): do_action('wp_ajax_ajax_pr...')
#4 {main}
  thrown in C:\xampp\htdocs\2020\04\varvararoza.webflow\varvararoza-cn\themes\varvara\inc\product-loadmore.php on line 32

2020-04-11T19:57:15+00:00 CRITICAL Uncaught ArgumentCountError: Too few arguments to function ajax_products_script_load_more(), 1 passed in C:\xampp\htdocs\2020\04\varvararoza.webflow\wp-includes\class-wp-hook.php on line 288 and at least 5 expected in C:\xampp\htdocs\2020\04\varvararoza.webflow\varvararoza-cn\themes\varvara\inc\product-loadmore.php:32
Stack trace:
#0 C:\xampp\htdocs\2020\04\varvararoza.webflow\wp-includes\class-wp-hook.php(288): ajax_products_script_load_more('')
#1 C:\xampp\htdocs\2020\04\varvararoza.webflow\wp-includes\class-wp-hook.php(312): WP_Hook->apply_filters('', Array)
#2 C:\xampp\htdocs\2020\04\varvararoza.webflow\wp-includes\plugin.php(478): WP_Hook->do_action(Array)
#3 C:\xampp\htdocs\2020\04\varvararoza.webflow\wp-admin\admin-ajax.php(175): do_action('wp_ajax_ajax_pr...')
#4 {main}
  thrown in C:\xampp\htdocs\2020\04\varvararoza.webflow\varvararoza-cn\themes\varvara\inc\product-loadmore.php on line 32

2020-04-11T19:57:57+00:00 CRITICAL Uncaught ArgumentCountError: Too few arguments to function ajax_products_script_load_more(), 1 passed in C:\xampp\htdocs\2020\04\varvararoza.webflow\wp-includes\class-wp-hook.php on line 288 and at least 5 expected in C:\xampp\htdocs\2020\04\varvararoza.webflow\varvararoza-cn\themes\varvara\inc\product-loadmore.php:32
Stack trace:
#0 C:\xampp\htdocs\2020\04\varvararoza.webflow\wp-includes\class-wp-hook.php(288): ajax_products_script_load_more('')
#1 C:\xampp\htdocs\2020\04\varvararoza.webflow\wp-includes\class-wp-hook.php(312): WP_Hook->apply_filters('', Array)
#2 C:\xampp\htdocs\2020\04\varvararoza.webflow\wp-includes\plugin.php(478): WP_Hook->do_action(Array)
#3 C:\xampp\htdocs\2020\04\varvararoza.webflow\wp-admin\admin-ajax.php(175): do_action('wp_ajax_ajax_pr...')
#4 {main}
  thrown in C:\xampp\htdocs\2020\04\varvararoza.webflow\varvararoza-cn\themes\varvara\inc\product-loadmore.php on line 32

2020-04-11T19:58:26+00:00 CRITICAL Uncaught ArgumentCountError: Too few arguments to function ajax_products_script_load_more(), 1 passed in C:\xampp\htdocs\2020\04\varvararoza.webflow\wp-includes\class-wp-hook.php on line 288 and at least 5 expected in C:\xampp\htdocs\2020\04\varvararoza.webflow\varvararoza-cn\themes\varvara\inc\product-loadmore.php:32
Stack trace:
#0 C:\xampp\htdocs\2020\04\varvararoza.webflow\wp-includes\class-wp-hook.php(288): ajax_products_script_load_more('')
#1 C:\xampp\htdocs\2020\04\varvararoza.webflow\wp-includes\class-wp-hook.php(312): WP_Hook->apply_filters('', Array)
#2 C:\xampp\htdocs\2020\04\varvararoza.webflow\wp-includes\plugin.php(478): WP_Hook->do_action(Array)
#3 C:\xampp\htdocs\2020\04\varvararoza.webflow\wp-admin\admin-ajax.php(175): do_action('wp_ajax_ajax_pr...')
#4 {main}
  thrown in C:\xampp\htdocs\2020\04\varvararoza.webflow\varvararoza-cn\themes\varvara\inc\product-loadmore.php on line 32

2020-04-11T19:59:20+00:00 CRITICAL Uncaught ArgumentCountError: Too few arguments to function ajax_products_script_load_more(), 1 passed in C:\xampp\htdocs\2020\04\varvararoza.webflow\wp-includes\class-wp-hook.php on line 288 and at least 5 expected in C:\xampp\htdocs\2020\04\varvararoza.webflow\varvararoza-cn\themes\varvara\inc\product-loadmore.php:32
Stack trace:
#0 C:\xampp\htdocs\2020\04\varvararoza.webflow\wp-includes\class-wp-hook.php(288): ajax_products_script_load_more('')
#1 C:\xampp\htdocs\2020\04\varvararoza.webflow\wp-includes\class-wp-hook.php(312): WP_Hook->apply_filters('', Array)
#2 C:\xampp\htdocs\2020\04\varvararoza.webflow\wp-includes\plugin.php(478): WP_Hook->do_action(Array)
#3 C:\xampp\htdocs\2020\04\varvararoza.webflow\wp-admin\admin-ajax.php(175): do_action('wp_ajax_ajax_pr...')
#4 {main}
  thrown in C:\xampp\htdocs\2020\04\varvararoza.webflow\varvararoza-cn\themes\varvara\inc\product-loadmore.php on line 32

2020-04-11T19:59:48+00:00 CRITICAL Uncaught ArgumentCountError: Too few arguments to function ajax_products_script_load_more(), 1 passed in C:\xampp\htdocs\2020\04\varvararoza.webflow\wp-includes\class-wp-hook.php on line 288 and at least 5 expected in C:\xampp\htdocs\2020\04\varvararoza.webflow\varvararoza-cn\themes\varvara\inc\product-loadmore.php:32
Stack trace:
#0 C:\xampp\htdocs\2020\04\varvararoza.webflow\wp-includes\class-wp-hook.php(288): ajax_products_script_load_more('')
#1 C:\xampp\htdocs\2020\04\varvararoza.webflow\wp-includes\class-wp-hook.php(312): WP_Hook->apply_filters('', Array)
#2 C:\xampp\htdocs\2020\04\varvararoza.webflow\wp-includes\plugin.php(478): WP_Hook->do_action(Array)
#3 C:\xampp\htdocs\2020\04\varvararoza.webflow\wp-admin\admin-ajax.php(175): do_action('wp_ajax_ajax_pr...')
#4 {main}
  thrown in C:\xampp\htdocs\2020\04\varvararoza.webflow\varvararoza-cn\themes\varvara\inc\product-loadmore.php on line 32

2020-04-11T20:00:50+00:00 CRITICAL Uncaught ArgumentCountError: Too few arguments to function ajax_products_script_load_more(), 1 passed in C:\xampp\htdocs\2020\04\varvararoza.webflow\wp-includes\class-wp-hook.php on line 288 and at least 5 expected in C:\xampp\htdocs\2020\04\varvararoza.webflow\varvararoza-cn\themes\varvara\inc\product-loadmore.php:32
Stack trace:
#0 C:\xampp\htdocs\2020\04\varvararoza.webflow\wp-includes\class-wp-hook.php(288): ajax_products_script_load_more('')
#1 C:\xampp\htdocs\2020\04\varvararoza.webflow\wp-includes\class-wp-hook.php(312): WP_Hook->apply_filters('', Array)
#2 C:\xampp\htdocs\2020\04\varvararoza.webflow\wp-includes\plugin.php(478): WP_Hook->do_action(Array)
#3 C:\xampp\htdocs\2020\04\varvararoza.webflow\wp-admin\admin-ajax.php(175): do_action('wp_ajax_ajax_pr...')
#4 {main}
  thrown in C:\xampp\htdocs\2020\04\varvararoza.webflow\varvararoza-cn\themes\varvara\inc\product-loadmore.php on line 32
>>>>>>> 4f11fd3961d01da5464626b3a20e6df20f9df812

2020-04-11T20:49:22+00:00 CRITICAL Uncaught Error: Call to a member function have_posts() on null in F:\xampp\htdocs\2020\varvararoza-wp\varvararoza-cn\themes\varvara\artists-list-single.php:57
Stack trace:
#0 F:\xampp\htdocs\2020\varvararoza-wp\wp-includes\template-loader.php(98): include()
#1 F:\xampp\htdocs\2020\varvararoza-wp\wp-blog-header.php(19): require_once('F:\\xampp\\htdocs...')
#2 F:\xampp\htdocs\2020\varvararoza-wp\index.php(17): require('F:\\xampp\\htdocs...')
#3 {main}
  thrown in F:\xampp\htdocs\2020\varvararoza-wp\varvararoza-cn\themes\varvara\artists-list-single.php on line 57

